18-05-2020 21:26:01 INFO  Version:21 - HV000001: Hibernate Validator 6.0.19.Final
18-05-2020 21:26:02 INFO  CwiTechnicalChallengeApplication:55 - Starting CwiTechnicalChallengeApplication on LUCAS-PC with PID 18072 (E:\github\technical-challenge\target\classes started by Lucas in E:\github\technical-challenge)
18-05-2020 21:26:02 INFO  CwiTechnicalChallengeApplication:651 - No active profile set, falling back to default profiles: default
18-05-2020 21:26:03 INFO  RepositoryConfigurationDelegate:127 - Bootstrapping Spring Data JPA repositories in DEFAULT mode.
18-05-2020 21:26:03 INFO  RepositoryConfigurationDelegate:187 - Finished Spring Data repository scanning in 91ms. Found 4 JPA repository interfaces.
18-05-2020 21:26:04 INFO  TomcatWebServer:91 - Tomcat initialized with port(s): 8080 (http)
18-05-2020 21:26:04 INFO  ContextLoader:284 - Root WebApplicationContext: initialization completed in 2223 ms
18-05-2020 21:26:04 INFO  LogHelper:31 - HHH000204: Processing PersistenceUnitInfo [name: default]
18-05-2020 21:26:04 INFO  Version:44 - HHH000412: Hibernate ORM core version 5.4.15.Final
18-05-2020 21:26:04 INFO  Version:49 - HCANN000001: Hibernate Commons Annotations {5.1.0.Final}
18-05-2020 21:26:04 INFO  HikariDataSource:110 - HikariPool-1 - Starting...
18-05-2020 21:26:06 INFO  HikariDataSource:123 - HikariPool-1 - Start completed.
18-05-2020 21:26:07 INFO  Dialect:172 - HHH000400: Using dialect: org.hibernate.dialect.PostgreSQL95Dialect
18-05-2020 21:26:11 INFO  JtaPlatformInitiator:52 - HHH000490: Using JtaPlatform implementation: [org.hibernate.engine.transaction.jta.platform.internal.NoJtaPlatform]
18-05-2020 21:26:11 INFO  LocalContainerEntityManagerFactoryBean:416 - Initialized JPA EntityManagerFactory for persistence unit 'default'
18-05-2020 21:26:11 WARN  JpaBaseConfiguration$JpaWebConfiguration:220 - spring.jpa.open-in-view is enabled by default. Therefore, database queries may be performed during view rendering. Explicitly configure spring.jpa.open-in-view to disable this warning
18-05-2020 21:26:11 INFO  PropertySourcedRequestMappingHandlerMapping:69 - Mapped URL path [/v2/api-docs] onto method [springfox.documentation.swagger2.web.Swagger2Controller#getDocumentation(String, HttpServletRequest)]
18-05-2020 21:26:12 INFO  ThreadPoolTaskExecutor:181 - Initializing ExecutorService 'applicationTaskExecutor'
18-05-2020 21:26:12 INFO  DocumentationPluginsBootstrapper:160 - Context refreshed
18-05-2020 21:26:12 INFO  DocumentationPluginsBootstrapper:163 - Found 1 custom documentation plugin(s)
18-05-2020 21:26:12 INFO  ApiListingReferenceScanner:41 - Scanning for api listing references
18-05-2020 21:26:12 INFO  TomcatWebServer:203 - Tomcat started on port(s): 8080 (http) with context path ''
18-05-2020 21:26:12 INFO  CwiTechnicalChallengeApplication:61 - Started CwiTechnicalChallengeApplication in 10.818 seconds (JVM running for 11.293)
18-05-2020 21:27:51 INFO  DispatcherServlet:525 - Initializing Servlet 'dispatcherServlet'
18-05-2020 21:27:51 INFO  DispatcherServlet:547 - Completed initialization in 8 ms
18-05-2020 21:27:51 INFO  TopicController:39 - Searching all topics...
18-05-2020 21:27:55 INFO  TopicController:39 - Searching all topics...
18-05-2020 21:29:40 INFO  TopicController:65 - Creating topic...
18-05-2020 21:29:41 INFO  TopicController:72 - Topic successfully created
18-05-2020 21:29:49 INFO  TopicController:39 - Searching all topics...
18-05-2020 21:31:48 INFO  TopicController:50 - Searching a specific topic...
18-05-2020 21:33:44 INFO  SpringBootTestContextBootstrapper:308 - Neither @ContextConfiguration nor @ContextHierarchy found for test class [br.com.cwi.technicalchallenge.CwiTechnicalChallengeApplicationTests], using SpringBootContextLoader
18-05-2020 21:33:44 INFO  AbstractContextLoader:264 - Could not detect default resource locations for test class [br.com.cwi.technicalchallenge.CwiTechnicalChallengeApplicationTests]: no resource found for suffixes {-context.xml, Context.groovy}.
18-05-2020 21:33:44 INFO  AnnotationConfigContextLoaderUtils:83 - Could not detect default configuration classes for test class [br.com.cwi.technicalchallenge.CwiTechnicalChallengeApplicationTests]: CwiTechnicalChallengeApplicationTests does not declare any static, non-private, non-final, nested classes annotated with @Configuration.
18-05-2020 21:33:45 INFO  SpringBootTestContextBootstrapper:237 - Found @SpringBootConfiguration br.com.cwi.technicalchallenge.CwiTechnicalChallengeApplication for test class br.com.cwi.technicalchallenge.CwiTechnicalChallengeApplicationTests
18-05-2020 21:33:45 INFO  SpringBootTestContextBootstrapper:248 - Loaded default TestExecutionListener class names from location [META-INF/spring.factories]: [org.springframework.boot.test.mock.mockito.MockitoTestExecutionListener, org.springframework.boot.test.mock.mockito.ResetMocksTestExecutionListener, org.springframework.boot.test.autoconfigure.restdocs.RestDocsTestExecutionListener, org.springframework.boot.test.autoconfigure.web.client.MockRestServiceServerResetTestExecutionListener, org.springframework.boot.test.autoconfigure.web.servlet.MockMvcPrintOnlyOnFailureTestExecutionListener, org.springframework.boot.test.autoconfigure.web.servlet.WebDriverTestExecutionListener, org.springframework.test.context.web.ServletTestExecutionListener, org.springframework.test.context.support.DirtiesContextBeforeModesTestExecutionListener, org.springframework.test.context.support.DependencyInjectionTestExecutionListener, org.springframework.test.context.support.DirtiesContextTestExecutionListener, org.springframework.test.context.transaction.TransactionalTestExecutionListener, org.springframework.test.context.jdbc.SqlScriptsTestExecutionListener, org.springframework.test.context.event.EventPublishingTestExecutionListener]
18-05-2020 21:33:45 INFO  SpringBootTestContextBootstrapper:177 - Using TestExecutionListeners: [org.springframework.test.context.web.ServletTestExecutionListener@45099dd3, org.springframework.test.context.support.DirtiesContextBeforeModesTestExecutionListener@13e344d, org.springframework.boot.test.mock.mockito.MockitoTestExecutionListener@1ffaf86, org.springframework.boot.test.autoconfigure.SpringBootDependencyInjectionTestExecutionListener@6574a52c, org.springframework.test.context.support.DirtiesContextTestExecutionListener@6c1a5b54, org.springframework.test.context.transaction.TransactionalTestExecutionListener@1c7696c6, org.springframework.test.context.jdbc.SqlScriptsTestExecutionListener@60099951, org.springframework.test.context.event.EventPublishingTestExecutionListener@20140db9, org.springframework.boot.test.mock.mockito.ResetMocksTestExecutionListener@1e6a3214, org.springframework.boot.test.autoconfigure.restdocs.RestDocsTestExecutionListener@368247b9, org.springframework.boot.test.autoconfigure.web.client.MockRestServiceServerResetTestExecutionListener@1a6d8329, org.springframework.boot.test.autoconfigure.web.servlet.MockMvcPrintOnlyOnFailureTestExecutionListener@1a942c18, org.springframework.boot.test.autoconfigure.web.servlet.WebDriverTestExecutionListener@55a147cc]
18-05-2020 21:33:45 INFO  Version:21 - HV000001: Hibernate Validator 6.0.19.Final
18-05-2020 21:33:45 INFO  CwiTechnicalChallengeApplicationTests:55 - Starting CwiTechnicalChallengeApplicationTests on LUCAS-PC with PID 18960 (started by Lucas in E:\github\technical-challenge)
18-05-2020 21:33:45 INFO  CwiTechnicalChallengeApplicationTests:651 - No active profile set, falling back to default profiles: default
18-05-2020 21:33:46 INFO  RepositoryConfigurationDelegate:127 - Bootstrapping Spring Data JPA repositories in DEFAULT mode.
18-05-2020 21:33:46 INFO  RepositoryConfigurationDelegate:187 - Finished Spring Data repository scanning in 76ms. Found 4 JPA repository interfaces.
18-05-2020 21:33:46 INFO  LogHelper:31 - HHH000204: Processing PersistenceUnitInfo [name: default]
18-05-2020 21:33:47 INFO  Version:44 - HHH000412: Hibernate ORM core version 5.4.15.Final
18-05-2020 21:33:47 INFO  Version:49 - HCANN000001: Hibernate Commons Annotations {5.1.0.Final}
18-05-2020 21:33:47 INFO  HikariDataSource:110 - HikariPool-1 - Starting...
18-05-2020 21:33:50 INFO  HikariDataSource:123 - HikariPool-1 - Start completed.
18-05-2020 21:33:50 INFO  Dialect:172 - HHH000400: Using dialect: org.hibernate.dialect.PostgreSQL95Dialect
18-05-2020 21:33:54 INFO  JtaPlatformInitiator:52 - HHH000490: Using JtaPlatform implementation: [org.hibernate.engine.transaction.jta.platform.internal.NoJtaPlatform]
18-05-2020 21:33:54 INFO  LocalContainerEntityManagerFactoryBean:416 - Initialized JPA EntityManagerFactory for persistence unit 'default'
18-05-2020 21:33:55 WARN  JpaBaseConfiguration$JpaWebConfiguration:220 - spring.jpa.open-in-view is enabled by default. Therefore, database queries may be performed during view rendering. Explicitly configure spring.jpa.open-in-view to disable this warning
18-05-2020 21:33:55 INFO  PropertySourcedRequestMappingHandlerMapping:69 - Mapped URL path [/v2/api-docs] onto method [springfox.documentation.swagger2.web.Swagger2Controller#getDocumentation(String, HttpServletRequest)]
18-05-2020 21:33:56 INFO  ThreadPoolTaskExecutor:181 - Initializing ExecutorService 'applicationTaskExecutor'
18-05-2020 21:33:56 INFO  DocumentationPluginsBootstrapper:160 - Context refreshed
18-05-2020 21:33:56 INFO  DocumentationPluginsBootstrapper:163 - Found 1 custom documentation plugin(s)
18-05-2020 21:33:56 INFO  ApiListingReferenceScanner:41 - Scanning for api listing references
18-05-2020 21:33:56 INFO  CwiTechnicalChallengeApplicationTests:61 - Started CwiTechnicalChallengeApplicationTests in 11.633 seconds (JVM running for 12.544)
18-05-2020 21:33:56 INFO  ThreadPoolTaskExecutor:218 - Shutting down ExecutorService 'applicationTaskExecutor'
18-05-2020 21:33:56 INFO  LocalContainerEntityManagerFactoryBean:598 - Closing JPA EntityManagerFactory for persistence unit 'default'
18-05-2020 21:33:56 INFO  HikariDataSource:350 - HikariPool-1 - Shutdown initiated...
18-05-2020 21:33:58 INFO  HikariDataSource:352 - HikariPool-1 - Shutdown completed.
